<?xml version="1.0" encoding="UTF-8"?>
<!-- Generated by org.testng.reporters.JUnitReportReporter -->
<testsuite hostname="ISIPLMUMLP219" failures="0" tests="1" name="com.api.httpsmethods.HttpMethods" time="2.819" errors="0" timestamp="2023-01-20T06:33:07 IST" skipped="0">
  <testcase classname="com.api.httpsmethods.HttpMethods" name="createUser" time="2.819"/>
  <system-out/>
</testsuite> <!-- com.api.httpsmethods.HttpMethods -->
